# JRE version: Java(TM) SE Runtime Environment (8.0_05-b13) (build 1.8.0_05-b13)
# Java VM: Java HotSpot(TM) Client VM (25.5-b02 mixed mode windows-x86 )
Heap:
 def new generation   total 4928K, used 1401K [0x03c00000, 0x04150000, 0x19150000)
  eden space 4416K,  23% used [0x03c00000, 0x03d086c8, 0x04050000)
  from space 512K,  67% used [0x04050000, 0x040a5dd0, 0x040d0000)
  to   space 512K,   0% used [0x040d0000, 0x040d0000, 0x04150000)
 tenured generation   total 10944K, used 9453K [0x19150000, 0x19c00000, 0x43c00000)
   the space 10944K,  86% used [0x19150000, 0x19a8b408, 0x19a8b600, 0x19c00000)
 Metaspace       used 12122K, capacity 12247K, committed 12288K, reserved 12672K
GC Heap History (10 events):
Event: 9.370 GC heap after
Heap after GC invocations=22 (full 0):
 def new generation   total 4928K, used 472K [0x03c00000, 0x04150000, 0x19150000)
  eden space 4416K,   0% used [0x03c00000, 0x03c00000, 0x04050000)
  from space 512K,  92% used [0x04050000, 0x040c6050, 0x040d0000)
  to   space 512K,   0% used [0x040d0000, 0x040d0000, 0x04150000)
 tenured generation   total 10944K, used 8168K [0x19150000, 0x19c00000, 0x43c00000)
   the space 10944K,  74% used [0x19150000, 0x1994a088, 0x1994a200, 0x19c00000)
 Metaspace       used 10706K, capacity 10826K, committed 10880K, reserved 11648K
}
Event: 9.680 GC heap before
{Heap before GC invocations=22 (full 0):
 def new generation   total 4928K, used 4888K [0x03c00000, 0x04150000, 0x19150000)
  eden space 4416K, 100% used [0x03c00000, 0x04050000, 0x04050000)
  from space 512K,  92% used [0x04050000, 0x040c6050, 0x040d0000)
  to   space 512K,   0% used [0x040d0000, 0x040d0000, 0x04150000)
 tenured generation   total 10944K, used 8168K [0x19150000, 0x19c00000, 0x43c00000)
   the space 10944K,  74% used [0x19150000, 0x1994a088, 0x1994a200, 0x19c00000)
 Metaspace       used 11112K, capacity 11242K, committed 11264K, reserved 11648K
Event: 9.684 GC heap after
Heap after GC invocations=23 (full 0):
 def new generation   total 4928K, used 512K [0x03c00000, 0x04150000, 0x19150000)
  eden space 4416K,   0% used [0x03c00000, 0x03c00000, 0x04050000)
  from space 512K, 100% used [0x040d0000, 0x04150000, 0x04150000)
  to   space 512K,   0% used [0x04050000, 0x04050000, 0x040d0000)
 tenured generation   total 10944K, used 8428K [0x19150000, 0x19c00000, 0x43c00000)
   the space 10944K,  77% used [0x19150000, 0x1998b0c0, 0x1998b200, 0x19c00000)
 Metaspace       used 11112K, capacity 11242K, committed 11264K, reserved 11648K
}
Event: 9.785 GC heap before
{Heap before GC invocations=23 (full 0):
 def new generation   total 4928K, used 4922K [0x03c00000, 0x04150000, 0x19150000)
  eden space 4416K,  99% used [0x03c00000, 0x0404e858, 0x04050000)
  from space 512K, 100% used [0x040d0000, 0x04150000, 0x04150000)
  to   space 512K,   0% used [0x04050000, 0x04050000, 0x040d0000)
 tenured generation   total 10944K, used 8428K [0x19150000, 0x19c00000, 0x43c00000)
   the space 10944K,  77% used [0x19150000, 0x1998b0c0, 0x1998b200, 0x19c00000)
 Metaspace       used 11272K, capacity 11407K, committed 11520K, reserved 11648K
Event: 9.788 GC heap after
Heap after GC invocations=24 (full 0):
 def new generation   total 4928K, used 512K [0x03c00000, 0x04150000, 0x19150000)
  eden space 4416K,   0% used [0x03c00000, 0x03c00000, 0x04050000)
  from space 512K, 100% used [0x04050000, 0x040d0000, 0x040d0000)
  to   space 512K,   0% used [0x040d0000, 0x040d0000, 0x04150000)
 tenured generation   total 10944K, used 8630K [0x19150000, 0x19c00000, 0x43c00000)
   the space 10944K,  78% used [0x19150000, 0x199bdad0, 0x199bdc00, 0x19c00000)
 Metaspace       used 11272K, capacity 11407K, committed 11520K, reserved 11648K
}
Event: 9.994 GC heap before
{Heap before GC invocations=24 (full 0):
 def new generation   total 4928K, used 4371K [0x03c00000, 0x04150000, 0x19150000)
  eden space 4416K,  87% used [0x03c00000, 0x03fc4fd0, 0x04050000)
  from space 512K, 100% used [0x04050000, 0x040d0000, 0x040d0000)
  to   space 512K,   0% used [0x040d0000, 0x040d0000, 0x04150000)
 tenured generation   total 10944K, used 8630K [0x19150000, 0x19c00000, 0x43c00000)
   the space 10944K,  78% used [0x19150000, 0x199bdad0, 0x199bdc00, 0x19c00000)
 Metaspace       used 11463K, capacity 11607K, committed 11648K, reserved 11648K
Event: 9.996 GC heap after
Heap after GC invocations=25 (full 0):
 def new generation   total 4928K, used 512K [0x03c00000, 0x04150000, 0x19150000)
  eden space 4416K,   0% used [0x03c00000, 0x03c00000, 0x04050000)
  from space 512K, 100% used [0x040d0000, 0x04150000, 0x04150000)
  to   space 512K,   0% used [0x04050000, 0x04050000, 0x040d0000)
 tenured generation   total 10944K, used 9452K [0x19150000, 0x19c00000, 0x43c00000)
   the space 10944K,  86% used [0x19150000, 0x19a8b100, 0x19a8b200, 0x19c00000)
 Metaspace       used 11463K, capacity 11607K, committed 11648K, reserved 11648K
}
Event: 10.074 GC heap before
{Heap before GC invocations=25 (full 0):
 def new generation   total 4928K, used 4927K [0x03c00000, 0x04150000, 0x19150000)
  eden space 4416K,  99% used [0x03c00000, 0x0404fee0, 0x04050000)
  from space 512K, 100% used [0x040d0000, 0x04150000, 0x04150000)
  to   space 512K,   0% used [0x04050000, 0x04050000, 0x040d0000)
 tenured generation   total 10944K, used 9452K [0x19150000, 0x19c00000, 0x43c00000)
   the space 10944K,  86% used [0x19150000, 0x19a8b100, 0x19a8b200, 0x19c00000)
 Metaspace       used 12115K, capacity 12247K, committed 12288K, reserved 12672K
Event: 10.076 GC heap after
Heap after GC invocations=26 (full 0):
 def new generation   total 4928K, used 343K [0x03c00000, 0x04150000, 0x19150000)
  eden space 4416K,   0% used [0x03c00000, 0x03c00000, 0x04050000)
  from space 512K,  67% used [0x04050000, 0x040a5dd0, 0x040d0000)
  to   space 512K,   0% used [0x040d0000, 0x040d0000, 0x04150000)
 tenured generation   total 10944K, used 9453K [0x19150000, 0x19c00000, 0x43c00000)
   the space 10944K,  86% used [0x19150000, 0x19a8b408, 0x19a8b600, 0x19c00000)
 Metaspace       used 12115K, capacity 12247K, committed 12288K, reserved 12672K
}
Event: 10.099 GC heap before
{Heap before GC invocations=26 (full 0):
 def new generation   total 4928K, used 1401K [0x03c00000, 0x04150000, 0x19150000)
  eden space 4416K,  23% used [0x03c00000, 0x03d086c8, 0x04050000)
  from space 512K,  67% used [0x04050000, 0x040a5dd0, 0x040d0000)
  to   space 512K,   0% used [0x040d0000, 0x040d0000, 0x04150000)
 tenured generation   total 10944K, used 9453K [0x19150000, 0x19c00000, 0x43c00000)
   the space 10944K,  86% used [0x19150000, 0x19a8b408, 0x19a8b600, 0x19c00000)
 Metaspace       used 12122K, capacity 12247K, committed 12288K, reserved 12672K

