# JRE version: Java(TM) SE Runtime Environment (8.0_05-b13) (build 1.8.0_05-b13)
# Java VM: Java HotSpot(TM) Client VM (25.5-b02 mixed mode windows-x86 )
Heap:
 def new generation   total 23488K, used 2560K [0x03c00000, 0x05570000, 0x19150000)
  eden space 20928K,   0% used [0x03c00000, 0x03c00000, 0x05070000)
  from space 2560K, 100% used [0x052f0000, 0x05570000, 0x05570000)
  to   space 2560K,   0% used [0x05070000, 0x05070000, 0x052f0000)
 tenured generation   total 56964K, used 56882K [0x19150000, 0x1c8f1000, 0x43c00000)
   the space 56964K,  99% used [0x19150000, 0x1c8dc990, 0x1c8dca00, 0x1c8f1000)
 Metaspace       used 26888K, capacity 27442K, committed 27520K, reserved 28032K
GC Heap History (10 events):
Event: 9.019 GC heap after
Heap after GC invocations=78 (full 4):
 def new generation   total 23488K, used 815K [0x03c00000, 0x05570000, 0x19150000)
  eden space 20928K,   0% used [0x03c00000, 0x03c00000, 0x05070000)
  from space 2560K,  31% used [0x05070000, 0x0513bca0, 0x052f0000)
  to   space 2560K,   0% used [0x052f0000, 0x052f0000, 0x05570000)
 tenured generation   total 51972K, used 42982K [0x19150000, 0x1c411000, 0x43c00000)
   the space 51972K,  82% used [0x19150000, 0x1bb49be8, 0x1bb49c00, 0x1c411000)
 Metaspace       used 24482K, capacity 25034K, committed 25088K, reserved 25984K
}
Event: 9.400 GC heap before
{Heap before GC invocations=78 (full 4):
 def new generation   total 23488K, used 21743K [0x03c00000, 0x05570000, 0x19150000)
  eden space 20928K, 100% used [0x03c00000, 0x05070000, 0x05070000)
  from space 2560K,  31% used [0x05070000, 0x0513bca0, 0x052f0000)
  to   space 2560K,   0% used [0x052f0000, 0x052f0000, 0x05570000)
 tenured generation   total 51972K, used 42982K [0x19150000, 0x1c411000, 0x43c00000)
   the space 51972K,  82% used [0x19150000, 0x1bb49be8, 0x1bb49c00, 0x1c411000)
 Metaspace       used 24485K, capacity 25039K, committed 25088K, reserved 25984K
Event: 9.404 GC heap after
Heap after GC invocations=79 (full 4):
 def new generation   total 23488K, used 1497K [0x03c00000, 0x05570000, 0x19150000)
  eden space 20928K,   0% used [0x03c00000, 0x03c00000, 0x05070000)
  from space 2560K,  58% used [0x052f0000, 0x05466750, 0x05570000)
  to   space 2560K,   0% used [0x05070000, 0x05070000, 0x052f0000)
 tenured generation   total 51972K, used 42982K [0x19150000, 0x1c411000, 0x43c00000)
   the space 51972K,  82% used [0x19150000, 0x1bb49be8, 0x1bb49c00, 0x1c411000)
 Metaspace       used 24485K, capacity 25039K, committed 25088K, reserved 25984K
}
Event: 10.036 GC heap before
{Heap before GC invocations=79 (full 4):
 def new generation   total 23488K, used 22425K [0x03c00000, 0x05570000, 0x19150000)
  eden space 20928K, 100% used [0x03c00000, 0x05070000, 0x05070000)
  from space 2560K,  58% used [0x052f0000, 0x05466750, 0x05570000)
  to   space 2560K,   0% used [0x05070000, 0x05070000, 0x052f0000)
 tenured generation   total 51972K, used 42982K [0x19150000, 0x1c411000, 0x43c00000)
   the space 51972K,  82% used [0x19150000, 0x1bb49be8, 0x1bb49c00, 0x1c411000)
 Metaspace       used 24487K, capacity 25039K, committed 25088K, reserved 25984K
Event: 10.041 GC heap after
Heap after GC invocations=80 (full 4):
 def new generation   total 23488K, used 1788K [0x03c00000, 0x05570000, 0x19150000)
  eden space 20928K,   0% used [0x03c00000, 0x03c00000, 0x05070000)
  from space 2560K,  69% used [0x05070000, 0x0522f020, 0x052f0000)
  to   space 2560K,   0% used [0x052f0000, 0x052f0000, 0x05570000)
 tenured generation   total 51972K, used 43776K [0x19150000, 0x1c411000, 0x43c00000)
   the space 51972K,  84% used [0x19150000, 0x1bc10250, 0x1bc10400, 0x1c411000)
 Metaspace       used 24487K, capacity 25039K, committed 25088K, reserved 25984K
}
Event: 11.074 GC heap before
{Heap before GC invocations=80 (full 4):
 def new generation   total 23488K, used 22716K [0x03c00000, 0x05570000, 0x19150000)
  eden space 20928K, 100% used [0x03c00000, 0x05070000, 0x05070000)
  from space 2560K,  69% used [0x05070000, 0x0522f020, 0x052f0000)
  to   space 2560K,   0% used [0x052f0000, 0x052f0000, 0x05570000)
 tenured generation   total 51972K, used 43776K [0x19150000, 0x1c411000, 0x43c00000)
   the space 51972K,  84% used [0x19150000, 0x1bc10250, 0x1bc10400, 0x1c411000)
 Metaspace       used 25271K, capacity 25842K, committed 25856K, reserved 25984K
Event: 11.081 GC heap after
Heap after GC invocations=81 (full 4):
 def new generation   total 23488K, used 2425K [0x03c00000, 0x05570000, 0x19150000)
  eden space 20928K,   0% used [0x03c00000, 0x03c00000, 0x05070000)
  from space 2560K,  94% used [0x052f0000, 0x0554e7e0, 0x05570000)
  to   space 2560K,   0% used [0x05070000, 0x05070000, 0x052f0000)
 tenured generation   total 51972K, used 44426K [0x19150000, 0x1c411000, 0x43c00000)
   the space 51972K,  85% used [0x19150000, 0x1bcb2b10, 0x1bcb2c00, 0x1c411000)
 Metaspace       used 25271K, capacity 25842K, committed 25856K, reserved 25984K
}
Event: 11.351 GC heap before
{Heap before GC invocations=81 (full 4):
 def new generation   total 23488K, used 23353K [0x03c00000, 0x05570000, 0x19150000)
  eden space 20928K, 100% used [0x03c00000, 0x05070000, 0x05070000)
  from space 2560K,  94% used [0x052f0000, 0x0554e7e0, 0x05570000)
  to   space 2560K,   0% used [0x05070000, 0x05070000, 0x052f0000)
 tenured generation   total 51972K, used 44426K [0x19150000, 0x1c411000, 0x43c00000)
   the space 51972K,  85% used [0x19150000, 0x1bcb2b10, 0x1bcb2c00, 0x1c411000)
 Metaspace       used 26888K, capacity 27442K, committed 27520K, reserved 28032K
Event: 11.373 GC heap after
Heap after GC invocations=82 (full 4):
 def new generation   total 23488K, used 2560K [0x03c00000, 0x05570000, 0x19150000)
  eden space 20928K,   0% used [0x03c00000, 0x03c00000, 0x05070000)
  from space 2560K, 100% used [0x05070000, 0x052f0000, 0x052f0000)
  to   space 2560K,   0% used [0x052f0000, 0x052f0000, 0x05570000)
 tenured generation   total 51972K, used 49787K [0x19150000, 0x1c411000, 0x43c00000)
   the space 51972K,  95% used [0x19150000, 0x1c1eec90, 0x1c1eee00, 0x1c411000)
 Metaspace       used 26888K, capacity 27442K, committed 27520K, reserved 28032K
}
Event: 11.452 GC heap before
{Heap before GC invocations=82 (full 4):
 def new generation   total 23488K, used 23488K [0x03c00000, 0x05570000, 0x19150000)
  eden space 20928K, 100% used [0x03c00000, 0x05070000, 0x05070000)
  from space 2560K, 100% used [0x05070000, 0x052f0000, 0x052f0000)
  to   space 2560K,   0% used [0x052f0000, 0x052f0000, 0x05570000)
 tenured generation   total 51972K, used 49787K [0x19150000, 0x1c411000, 0x43c00000)
   the space 51972K,  95% used [0x19150000, 0x1c1eec90, 0x1c1eee00, 0x1c411000)
 Metaspace       used 26888K, capacity 27442K, committed 27520K, reserved 28032K

