# JRE version: Java(TM) SE Runtime Environment (8.0_05-b13) (build 1.8.0_05-b13)
# Java VM: Java HotSpot(TM) Client VM (25.5-b02 mixed mode windows-x86 )
Heap:
 def new generation   total 110784K, used 110784K [0x03c00000, 0x0b430000, 0x19150000)
  eden space 98496K, 100% used [0x03c00000, 0x09c30000, 0x09c30000)
  from space 12288K, 100% used [0x0a830000, 0x0b430000, 0x0b430000)
  to   space 12288K,  69% used [0x09c30000, 0x0a491c80, 0x0a830000)
 tenured generation   total 245992K, used 88259K [0x19150000, 0x2818a000, 0x43c00000)
   the space 245992K,  35% used [0x19150000, 0x1e780d28, 0x1e780e00, 0x2818a000)
 Metaspace       used 40938K, capacity 42988K, committed 43776K, reserved 44416K
GC Heap History (10 events):
Event: 4330.874 GC heap after
Heap after GC invocations=229 (full 14):
 def new generation   total 110784K, used 12288K [0x03c00000, 0x0b430000, 0x19150000)
  eden space 98496K,   0% used [0x03c00000, 0x03c00000, 0x09c30000)
  from space 12288K, 100% used [0x09c30000, 0x0a830000, 0x0a830000)
  to   space 12288K,   0% used [0x0a830000, 0x0a830000, 0x0b430000)
 tenured generation   total 245992K, used 107001K [0x19150000, 0x2818a000, 0x43c00000)
   the space 245992K,  43% used [0x19150000, 0x1f9ce5f8, 0x1f9ce600, 0x2818a000)
 Metaspace       used 40833K, capacity 42808K, committed 43776K, reserved 44416K
}
Event: 4331.431 GC heap before
{Heap before GC invocations=229 (full 14):
 def new generation   total 110784K, used 110784K [0x03c00000, 0x0b430000, 0x19150000)
  eden space 98496K, 100% used [0x03c00000, 0x09c30000, 0x09c30000)
  from space 12288K, 100% used [0x09c30000, 0x0a830000, 0x0a830000)
  to   space 12288K,   0% used [0x0a830000, 0x0a830000, 0x0b430000)
 tenured generation   total 245992K, used 107001K [0x19150000, 0x2818a000, 0x43c00000)
   the space 245992K,  43% used [0x19150000, 0x1f9ce5f8, 0x1f9ce600, 0x2818a000)
 Metaspace       used 40833K, capacity 42808K, committed 43776K, reserved 44416K
Event: 4331.652 GC heap after
Heap after GC invocations=230 (full 14):
 def new generation   total 110784K, used 12288K [0x03c00000, 0x0b430000, 0x19150000)
  eden space 98496K,   0% used [0x03c00000, 0x03c00000, 0x09c30000)
  from space 12288K, 100% used [0x0a830000, 0x0b430000, 0x0b430000)
  to   space 12288K,   0% used [0x09c30000, 0x09c30000, 0x0a830000)
 tenured generation   total 245992K, used 141584K [0x19150000, 0x2818a000, 0x43c00000)
   the space 245992K,  57% used [0x19150000, 0x21b94070, 0x21b94200, 0x2818a000)
 Metaspace       used 40833K, capacity 42808K, committed 43776K, reserved 44416K
}
Event: 4342.028 GC heap before
{Heap before GC invocations=230 (full 14):
 def new generation   total 110784K, used 85953K [0x03c00000, 0x0b430000, 0x19150000)
  eden space 98496K,  74% used [0x03c00000, 0x083f0458, 0x09c30000)
  from space 12288K, 100% used [0x0a830000, 0x0b430000, 0x0b430000)
  to   space 12288K,   0% used [0x09c30000, 0x09c30000, 0x0a830000)
 tenured generation   total 245992K, used 141584K [0x19150000, 0x2818a000, 0x43c00000)
   the space 245992K,  57% used [0x19150000, 0x21b94070, 0x21b94200, 0x2818a000)
 Metaspace       used 40839K, capacity 42821K, committed 43776K, reserved 44416K
Event: 4342.269 GC heap after
Heap after GC invocations=231 (full 15):
 def new generation   total 110784K, used 0K [0x03c00000, 0x0b430000, 0x19150000)
  eden space 98496K,   0% used [0x03c00000, 0x03c00000, 0x09c30000)
  from space 12288K,   0% used [0x0a830000, 0x0a830000, 0x0b430000)
  to   space 12288K,   0% used [0x09c30000, 0x09c30000, 0x0a830000)
 tenured generation   total 245992K, used 85066K [0x19150000, 0x2818a000, 0x43c00000)
   the space 245992K,  34% used [0x19150000, 0x1e4628a0, 0x1e462a00, 0x2818a000)
 Metaspace       used 40764K, capacity 42720K, committed 43776K, reserved 44416K
}
Event: 4461.888 GC heap before
{Heap before GC invocations=231 (full 15):
 def new generation   total 110784K, used 98496K [0x03c00000, 0x0b430000, 0x19150000)
  eden space 98496K, 100% used [0x03c00000, 0x09c30000, 0x09c30000)
  from space 12288K,   0% used [0x0a830000, 0x0a830000, 0x0b430000)
  to   space 12288K,   0% used [0x09c30000, 0x09c30000, 0x0a830000)
 tenured generation   total 245992K, used 85066K [0x19150000, 0x2818a000, 0x43c00000)
   the space 245992K,  34% used [0x19150000, 0x1e4628a0, 0x1e462a00, 0x2818a000)
 Metaspace       used 40812K, capacity 42793K, committed 43776K, reserved 44416K
Event: 4461.912 GC heap after
Heap after GC invocations=232 (full 15):
 def new generation   total 110784K, used 5795K [0x03c00000, 0x0b430000, 0x19150000)
  eden space 98496K,   0% used [0x03c00000, 0x03c00000, 0x09c30000)
  from space 12288K,  47% used [0x09c30000, 0x0a1d8fb0, 0x0a830000)
  to   space 12288K,   0% used [0x0a830000, 0x0a830000, 0x0b430000)
 tenured generation   total 245992K, used 85066K [0x19150000, 0x2818a000, 0x43c00000)
   the space 245992K,  34% used [0x19150000, 0x1e4628a0, 0x1e462a00, 0x2818a000)
 Metaspace       used 40812K, capacity 42793K, committed 43776K, reserved 44416K
}
Event: 4464.027 GC heap before
{Heap before GC invocations=232 (full 15):
 def new generation   total 110784K, used 104291K [0x03c00000, 0x0b430000, 0x19150000)
  eden space 98496K, 100% used [0x03c00000, 0x09c30000, 0x09c30000)
  from space 12288K,  47% used [0x09c30000, 0x0a1d8fb0, 0x0a830000)
  to   space 12288K,   0% used [0x0a830000, 0x0a830000, 0x0b430000)
 tenured generation   total 245992K, used 85066K [0x19150000, 0x2818a000, 0x43c00000)
   the space 245992K,  34% used [0x19150000, 0x1e4628a0, 0x1e462a00, 0x2818a000)
 Metaspace       used 40862K, capacity 42888K, committed 43776K, reserved 44416K
Event: 4464.071 GC heap after
Heap after GC invocations=233 (full 15):
 def new generation   total 110784K, used 12288K [0x03c00000, 0x0b430000, 0x19150000)
  eden space 98496K,   0% used [0x03c00000, 0x03c00000, 0x09c30000)
  from space 12288K, 100% used [0x0a830000, 0x0b430000, 0x0b430000)
  to   space 12288K,   0% used [0x09c30000, 0x09c30000, 0x0a830000)
 tenured generation   total 245992K, used 87642K [0x19150000, 0x2818a000, 0x43c00000)
   the space 245992K,  35% used [0x19150000, 0x1e6e6af0, 0x1e6e6c00, 0x2818a000)
 Metaspace       used 40862K, capacity 42888K, committed 43776K, reserved 44416K
}
Event: 4464.569 GC heap before
{Heap before GC invocations=233 (full 15):
 def new generation   total 110784K, used 110784K [0x03c00000, 0x0b430000, 0x19150000)
  eden space 98496K, 100% used [0x03c00000, 0x09c30000, 0x09c30000)
  from space 12288K, 100% used [0x0a830000, 0x0b430000, 0x0b430000)
  to   space 12288K,   0% used [0x09c30000, 0x09c30000, 0x0a830000)
 tenured generation   total 245992K, used 87642K [0x19150000, 0x2818a000, 0x43c00000)
   the space 245992K,  35% used [0x19150000, 0x1e6e6af0, 0x1e6e6c00, 0x2818a000)
 Metaspace       used 40938K, capacity 42988K, committed 43776K, reserved 44416K

