# JRE version: Java(TM) SE Runtime Environment (8.0_05-b13) (build 1.8.0_05-b13)
# Java VM: Java HotSpot(TM) Client VM (25.5-b02 mixed mode windows-x86 )
Heap:
 def new generation   total 75008K, used 75008K [0x03e00000, 0x08f60000, 0x19350000)
  eden space 66688K, 100% used [0x03e00000, 0x07f20000, 0x07f20000)
  from space 8320K, 100% used [0x07f20000, 0x08740000, 0x08740000)
  to   space 8320K,   0% used [0x08740000, 0x087473b8, 0x08f60000)
 tenured generation   total 166516K, used 98019K [0x19350000, 0x235ed000, 0x43e00000)
   the space 166516K,  58% used [0x19350000, 0x1f308d88, 0x1f308e00, 0x235ed000)
 Metaspace       used 29506K, capacity 30502K, committed 30592K, reserved 31104K
GC Heap History (10 events):
Event: 1448.927 GC heap after
Heap after GC invocations=104 (full 9):
 def new generation   total 75008K, used 4474K [0x03e00000, 0x08f60000, 0x19350000)
  eden space 66688K,   0% used [0x03e00000, 0x03e00000, 0x07f20000)
  from space 8320K,  53% used [0x07f20000, 0x0837eb40, 0x08740000)
  to   space 8320K,   0% used [0x08740000, 0x08740000, 0x08f60000)
 tenured generation   total 166516K, used 47743K [0x19350000, 0x235ed000, 0x43e00000)
   the space 166516K,  28% used [0x19350000, 0x1c1efd08, 0x1c1efe00, 0x235ed000)
 Metaspace       used 29294K, capacity 30179K, committed 30464K, reserved 31104K
}
Event: 1450.926 GC heap before
{Heap before GC invocations=104 (full 9):
 def new generation   total 75008K, used 71162K [0x03e00000, 0x08f60000, 0x19350000)
  eden space 66688K, 100% used [0x03e00000, 0x07f20000, 0x07f20000)
  from space 8320K,  53% used [0x07f20000, 0x0837eb40, 0x08740000)
  to   space 8320K,   0% used [0x08740000, 0x08740000, 0x08f60000)
 tenured generation   total 166516K, used 47743K [0x19350000, 0x235ed000, 0x43e00000)
   the space 166516K,  28% used [0x19350000, 0x1c1efd08, 0x1c1efe00, 0x235ed000)
 Metaspace       used 29410K, capacity 30367K, committed 30592K, reserved 31104K
Event: 1450.946 GC heap after
Heap after GC invocations=105 (full 9):
 def new generation   total 75008K, used 3642K [0x03e00000, 0x08f60000, 0x19350000)
  eden space 66688K,   0% used [0x03e00000, 0x03e00000, 0x07f20000)
  from space 8320K,  43% used [0x08740000, 0x08ace9d0, 0x08f60000)
  to   space 8320K,   0% used [0x07f20000, 0x07f20000, 0x08740000)
 tenured generation   total 166516K, used 51532K [0x19350000, 0x235ed000, 0x43e00000)
   the space 166516K,  30% used [0x19350000, 0x1c5a3228, 0x1c5a3400, 0x235ed000)
 Metaspace       used 29410K, capacity 30367K, committed 30592K, reserved 31104K
}
Event: 1457.804 GC heap before
{Heap before GC invocations=105 (full 9):
 def new generation   total 75008K, used 70330K [0x03e00000, 0x08f60000, 0x19350000)
  eden space 66688K, 100% used [0x03e00000, 0x07f20000, 0x07f20000)
  from space 8320K,  43% used [0x08740000, 0x08ace9d0, 0x08f60000)
  to   space 8320K,   0% used [0x07f20000, 0x07f20000, 0x08740000)
 tenured generation   total 166516K, used 51532K [0x19350000, 0x235ed000, 0x43e00000)
   the space 166516K,  30% used [0x19350000, 0x1c5a3228, 0x1c5a3400, 0x235ed000)
 Metaspace       used 29430K, capacity 30402K, committed 30592K, reserved 31104K
Event: 1457.858 GC heap after
Heap after GC invocations=106 (full 9):
 def new generation   total 75008K, used 8320K [0x03e00000, 0x08f60000, 0x19350000)
  eden space 66688K,   0% used [0x03e00000, 0x03e00000, 0x07f20000)
  from space 8320K, 100% used [0x07f20000, 0x08740000, 0x08740000)
  to   space 8320K,   0% used [0x08740000, 0x08740000, 0x08f60000)
 tenured generation   total 166516K, used 53843K [0x19350000, 0x235ed000, 0x43e00000)
   the space 166516K,  32% used [0x19350000, 0x1c7e4d60, 0x1c7e4e00, 0x235ed000)
 Metaspace       used 29430K, capacity 30402K, committed 30592K, reserved 31104K
}
Event: 1458.985 GC heap before
{Heap before GC invocations=106 (full 9):
 def new generation   total 75008K, used 75008K [0x03e00000, 0x08f60000, 0x19350000)
  eden space 66688K, 100% used [0x03e00000, 0x07f20000, 0x07f20000)
  from space 8320K, 100% used [0x07f20000, 0x08740000, 0x08740000)
  to   space 8320K,   0% used [0x08740000, 0x08740000, 0x08f60000)
 tenured generation   total 166516K, used 53843K [0x19350000, 0x235ed000, 0x43e00000)
   the space 166516K,  32% used [0x19350000, 0x1c7e4d60, 0x1c7e4e00, 0x235ed000)
 Metaspace       used 29506K, capacity 30502K, committed 30592K, reserved 31104K
Event: 1459.072 GC heap after
Heap after GC invocations=107 (full 9):
 def new generation   total 75008K, used 8320K [0x03e00000, 0x08f60000, 0x19350000)
  eden space 66688K,   0% used [0x03e00000, 0x03e00000, 0x07f20000)
  from space 8320K, 100% used [0x08740000, 0x08f60000, 0x08f60000)
  to   space 8320K,   0% used [0x07f20000, 0x07f20000, 0x08740000)
 tenured generation   total 166516K, used 74654K [0x19350000, 0x235ed000, 0x43e00000)
   the space 166516K,  44% used [0x19350000, 0x1dc378e8, 0x1dc37a00, 0x235ed000)
 Metaspace       used 29506K, capacity 30502K, committed 30592K, reserved 31104K
}
Event: 1459.428 GC heap before
{Heap before GC invocations=107 (full 9):
 def new generation   total 75008K, used 75008K [0x03e00000, 0x08f60000, 0x19350000)
  eden space 66688K, 100% used [0x03e00000, 0x07f20000, 0x07f20000)
  from space 8320K, 100% used [0x08740000, 0x08f60000, 0x08f60000)
  to   space 8320K,   0% used [0x07f20000, 0x07f20000, 0x08740000)
 tenured generation   total 166516K, used 74654K [0x19350000, 0x235ed000, 0x43e00000)
   the space 166516K,  44% used [0x19350000, 0x1dc378e8, 0x1dc37a00, 0x235ed000)
 Metaspace       used 29506K, capacity 30502K, committed 30592K, reserved 31104K
Event: 1459.516 GC heap after
Heap after GC invocations=108 (full 9):
 def new generation   total 75008K, used 8320K [0x03e00000, 0x08f60000, 0x19350000)
  eden space 66688K,   0% used [0x03e00000, 0x03e00000, 0x07f20000)
  from space 8320K, 100% used [0x07f20000, 0x08740000, 0x08740000)
  to   space 8320K,   0% used [0x08740000, 0x08740000, 0x08f60000)
 tenured generation   total 166516K, used 97824K [0x19350000, 0x235ed000, 0x43e00000)
   the space 166516K,  58% used [0x19350000, 0x1f2d8058, 0x1f2d8200, 0x235ed000)
 Metaspace       used 29506K, capacity 30502K, committed 30592K, reserved 31104K
}
Event: 1460.412 GC heap before
{Heap before GC invocations=108 (full 9):
 def new generation   total 75008K, used 75008K [0x03e00000, 0x08f60000, 0x19350000)
  eden space 66688K, 100% used [0x03e00000, 0x07f20000, 0x07f20000)
  from space 8320K, 100% used [0x07f20000, 0x08740000, 0x08740000)
  to   space 8320K,   0% used [0x08740000, 0x08740000, 0x08f60000)
 tenured generation   total 166516K, used 97824K [0x19350000, 0x235ed000, 0x43e00000)
   the space 166516K,  58% used [0x19350000, 0x1f2d8058, 0x1f2d8200, 0x235ed000)
 Metaspace       used 29506K, capacity 30502K, committed 30592K, reserved 31104K

