# JRE version: Java(TM) SE Runtime Environment (8.0_05-b13) (build 1.8.0_05-b13)
# Java VM: Java HotSpot(TM) Client VM (25.5-b02 mixed mode windows-x86 )
Heap:
 def new generation   total 13632K, used 13632K [0x03e00000, 0x04cc0000, 0x19350000)
  eden space 12160K, 100% used [0x03e00000, 0x049e0000, 0x049e0000)
  from space 1472K, 100% used [0x049e0000, 0x04b50000, 0x04b50000)
  to   space 1472K,  68% used [0x04b50000, 0x04c4d138, 0x04cc0000)
 tenured generation   total 30064K, used 23746K [0x19350000, 0x1b0ac000, 0x43e00000)
   the space 30064K,  78% used [0x19350000, 0x1aa80af8, 0x1aa80c00, 0x1b0ac000)
 Metaspace       used 4271K, capacity 4308K, committed 4416K, reserved 4480K
GC Heap History (10 events):
Event: 0.814 GC heap after
Heap after GC invocations=13 (full 1):
 def new generation   total 8512K, used 896K [0x03e00000, 0x04730000, 0x19350000)
  eden space 7616K,   0% used [0x03e00000, 0x03e00000, 0x04570000)
  from space 896K, 100% used [0x04650000, 0x04730000, 0x04730000)
  to   space 896K,   0% used [0x04570000, 0x04570000, 0x04650000)
 tenured generation   total 18668K, used 15269K [0x19350000, 0x1a58b000, 0x43e00000)
   the space 18668K,  81% used [0x19350000, 0x1a239658, 0x1a239800, 0x1a58b000)
 Metaspace       used 3303K, capacity 3462K, committed 3520K, reserved 4480K
}
Event: 0.834 GC heap before
{Heap before GC invocations=13 (full 1):
 def new generation   total 8512K, used 8512K [0x03e00000, 0x04730000, 0x19350000)
  eden space 7616K, 100% used [0x03e00000, 0x04570000, 0x04570000)
  from space 896K, 100% used [0x04650000, 0x04730000, 0x04730000)
  to   space 896K,   0% used [0x04570000, 0x04570000, 0x04650000)
 tenured generation   total 18668K, used 15269K [0x19350000, 0x1a58b000, 0x43e00000)
   the space 18668K,  81% used [0x19350000, 0x1a239658, 0x1a239800, 0x1a58b000)
 Metaspace       used 3303K, capacity 3462K, committed 3520K, reserved 4480K
Event: 0.840 GC heap after
Heap after GC invocations=14 (full 1):
 def new generation   total 8512K, used 896K [0x03e00000, 0x04730000, 0x19350000)
  eden space 7616K,   0% used [0x03e00000, 0x03e00000, 0x04570000)
  from space 896K, 100% used [0x04570000, 0x04650000, 0x04650000)
  to   space 896K,   0% used [0x04650000, 0x04650000, 0x04730000)
 tenured generation   total 18668K, used 16461K [0x19350000, 0x1a58b000, 0x43e00000)
   the space 18668K,  88% used [0x19350000, 0x1a363478, 0x1a363600, 0x1a58b000)
 Metaspace       used 3303K, capacity 3462K, committed 3520K, reserved 4480K
}
Event: 2.067 GC heap before
{Heap before GC invocations=14 (full 1):
 def new generation   total 8512K, used 8472K [0x03e00000, 0x04730000, 0x19350000)
  eden space 7616K,  99% used [0x03e00000, 0x045661f8, 0x04570000)
  from space 896K, 100% used [0x04570000, 0x04650000, 0x04650000)
  to   space 896K,   0% used [0x04650000, 0x04650000, 0x04730000)
 tenured generation   total 18668K, used 16461K [0x19350000, 0x1a58b000, 0x43e00000)
   the space 18668K,  88% used [0x19350000, 0x1a363478, 0x1a363600, 0x1a58b000)
 Metaspace       used 3306K, capacity 3462K, committed 3520K, reserved 4480K
Event: 2.148 GC heap after
Heap after GC invocations=15 (full 2):
 def new generation   total 13632K, used 0K [0x03e00000, 0x04cc0000, 0x19350000)
  eden space 12160K,   0% used [0x03e00000, 0x03e00000, 0x049e0000)
  from space 1472K,   0% used [0x049e0000, 0x049e0000, 0x04b50000)
  to   space 1472K,   0% used [0x04b50000, 0x04b50000, 0x04cc0000)
 tenured generation   total 30064K, used 18036K [0x19350000, 0x1b0ac000, 0x43e00000)
   the space 30064K,  59% used [0x19350000, 0x1a4ed1d8, 0x1a4ed200, 0x1b0ac000)
 Metaspace       used 3306K, capacity 3462K, committed 3520K, reserved 4480K
}
Event: 2.749 GC heap before
{Heap before GC invocations=15 (full 2):
 def new generation   total 13632K, used 11675K [0x03e00000, 0x04cc0000, 0x19350000)
  eden space 12160K,  96% used [0x03e00000, 0x04966e38, 0x049e0000)
  from space 1472K,   0% used [0x049e0000, 0x049e0000, 0x04b50000)
  to   space 1472K,   0% used [0x04b50000, 0x04b50000, 0x04cc0000)
 tenured generation   total 30064K, used 18036K [0x19350000, 0x1b0ac000, 0x43e00000)
   the space 30064K,  59% used [0x19350000, 0x1a4ed1d8, 0x1a4ed200, 0x1b0ac000)
 Metaspace       used 3306K, capacity 3462K, committed 3520K, reserved 4480K
Event: 2.751 GC heap after
Heap after GC invocations=16 (full 2):
 def new generation   total 13632K, used 1472K [0x03e00000, 0x04cc0000, 0x19350000)
  eden space 12160K,   0% used [0x03e00000, 0x03e00000, 0x049e0000)
  from space 1472K, 100% used [0x04b50000, 0x04cc0000, 0x04cc0000)
  to   space 1472K,   0% used [0x049e0000, 0x049e0000, 0x04b50000)
 tenured generation   total 30064K, used 20155K [0x19350000, 0x1b0ac000, 0x43e00000)
   the space 30064K,  67% used [0x19350000, 0x1a6feea8, 0x1a6ff000, 0x1b0ac000)
 Metaspace       used 3306K, capacity 3462K, committed 3520K, reserved 4480K
}
Event: 3.166 GC heap before
{Heap before GC invocations=16 (full 2):
 def new generation   total 13632K, used 13631K [0x03e00000, 0x04cc0000, 0x19350000)
  eden space 12160K,  99% used [0x03e00000, 0x049dfd60, 0x049e0000)
  from space 1472K, 100% used [0x04b50000, 0x04cc0000, 0x04cc0000)
  to   space 1472K,   0% used [0x049e0000, 0x049e0000, 0x04b50000)
 tenured generation   total 30064K, used 20155K [0x19350000, 0x1b0ac000, 0x43e00000)
   the space 30064K,  67% used [0x19350000, 0x1a6feea8, 0x1a6ff000, 0x1b0ac000)
 Metaspace       used 3755K, capacity 3790K, committed 3904K, reserved 4480K
Event: 3.174 GC heap after
Heap after GC invocations=17 (full 2):
 def new generation   total 13632K, used 1472K [0x03e00000, 0x04cc0000, 0x19350000)
  eden space 12160K,   0% used [0x03e00000, 0x03e00000, 0x049e0000)
  from space 1472K, 100% used [0x049e0000, 0x04b50000, 0x04b50000)
  to   space 1472K,   0% used [0x04b50000, 0x04b50000, 0x04cc0000)
 tenured generation   total 30064K, used 23129K [0x19350000, 0x1b0ac000, 0x43e00000)
   the space 30064K,  76% used [0x19350000, 0x1a9e6798, 0x1a9e6800, 0x1b0ac000)
 Metaspace       used 3755K, capacity 3790K, committed 3904K, reserved 4480K
}
Event: 3.483 GC heap before
{Heap before GC invocations=17 (full 2):
 def new generation   total 13632K, used 13632K [0x03e00000, 0x04cc0000, 0x19350000)
  eden space 12160K, 100% used [0x03e00000, 0x049e0000, 0x049e0000)
  from space 1472K, 100% used [0x049e0000, 0x04b50000, 0x04b50000)
  to   space 1472K,   0% used [0x04b50000, 0x04b50000, 0x04cc0000)
 tenured generation   total 30064K, used 23129K [0x19350000, 0x1b0ac000, 0x43e00000)
   the space 30064K,  76% used [0x19350000, 0x1a9e6798, 0x1a9e6800, 0x1b0ac000)
 Metaspace       used 4271K, capacity 4308K, committed 4416K, reserved 4480K

